0 info it worked if it ends with ok
1 verbose cli [ 'C:\\Program Files\\nodejs\\node.exe',
1 verbose cli   'C:\\Users\\Susan\\AppData\\Roaming\\npm\\node_modules\\npm\\bin\\npm-cli.js',
1 verbose cli   'run',
1 verbose cli   'start' ]
2 info using npm@3.10.10
3 info using node@v10.15.3
4 verbose run-script [ 'prestart', 'start', 'poststart' ]
5 info lifecycle mern@0.1.0~prestart: mern@0.1.0
6 silly lifecycle mern@0.1.0~prestart: no script for prestart, continuing
7 info lifecycle mern@0.1.0~start: mern@0.1.0
8 verbose lifecycle mern@0.1.0~start: unsafe-perm in lifecycle true
9 verbose lifecycle mern@0.1.0~start: PATH: C:\Users\Susan\AppData\Roaming\npm\node_modules\npm\bin\node-gyp-bin;C:\Users\Susan\Documents\Web\mealbites\project-tres\client\node_modules\.bin;C:\Users\Susan\AppData\Roaming\npm\node_modules\npm\bin\node-gyp-bin;C:\Users\Susan\Documents\Web\mealbites\project-tres\node_modules\.bin;C:\Users\Susan\AppData\Roaming\npm\node_modules\npm\bin\node-gyp-bin;C:\Users\Susan\Documents\Web\mealbites\project-tres\node_modules\.bin;C:\Users\Susan\AppData\Roaming\npm\node_modules\npm\bin\node-gyp-bin;C:\Users\Susan\Documents\Web\mealbites\project-tres\node_modules\.bin;C:\Program Files (x86)\Razer\ChromaBroadcast\bin;C:\Program Files\Razer\ChromaBroadcast\bin;C:\Program Files (x86)\Common Files\Oracle\Java\javapath;C:\Program Files (x86)\Razer Chroma SDK\bin;C:\Program Files\Razer Chroma SDK\bin;C:\Windows\system32;C:\Windows;C:\Windows\System32\Wbem;C:\Windows\System32\WindowsPowerShell\v1.0\;C:\Windows\System32\OpenSSH\;C:\Program Files (x86)\NVIDIA Corporation\PhysX\Common;C:\Users\Susan\AppData\Local\Microsoft\WindowsApps;C:\Program Files\NVIDIA Corporation\NVIDIA NvDLISR;D:\Overture 6\Worldpainter\WorldPainter;C:\Program Files\WorldPainter;C:\Program Files\nodejs\;C:\Windows\system32\config\systemprofile\AppData\Local\Microsoft\WindowsApps;C:\Program Files\Git\cmd;C:\WINDOWS\system32;C:\WINDOWS;C:\WINDOWS\System32\Wbem;C:\WINDOWS\System32\WindowsPowerShell\v1.0\;C:\WINDOWS\System32\OpenSSH\;C:\Program Files\MongoDB\Server\4.2\bin;C:\Users\Susan\AppData\Local\Microsoft\WindowsApps;C:\Users\Susan\AppData\Local\atom\bin;C:\Users\Susan\AppData\Local\Programs\Microsoft VS Code\bin;C:\Users\Susan\AppData\Local\GitHubDesktop\bin;C:\Users\Susan\AppData\Roaming\npm;C:\Users\Susan\AppData\Local\Microsoft\WindowsApps;C:\Program Files\heroku\bin
10 verbose lifecycle mern@0.1.0~start: CWD: C:\Users\Susan\Documents\Web\mealbites\project-tres\client
11 silly lifecycle mern@0.1.0~start: Args: [ '/d /s /c', 'react-scripts start' ]
12 silly lifecycle mern@0.1.0~start: Returned: code: 3221225786  signal: null
13 info lifecycle mern@0.1.0~start: Failed to exec start script
14 verbose stack Error: mern@0.1.0 start: `react-scripts start`
14 verbose stack Exit status 3221225786
14 verbose stack     at EventEmitter.<anonymous> (C:\Users\Susan\AppData\Roaming\npm\node_modules\npm\lib\utils\lifecycle.js:255:16)
14 verbose stack     at EventEmitter.emit (events.js:189:13)
14 verbose stack     at ChildProcess.<anonymous> (C:\Users\Susan\AppData\Roaming\npm\node_modules\npm\lib\utils\spawn.js:40:14)
14 verbose stack     at ChildProcess.emit (events.js:189:13)
14 verbose stack     at maybeClose (internal/child_process.js:970:16)
14 verbose stack     at Process.ChildProcess._handle.onexit (internal/child_process.js:259:5)
15 verbose pkgid mern@0.1.0
16 verbose cwd C:\Users\Susan\Documents\Web\mealbites\project-tres\client
17 error Windows_NT 10.0.18362
18 error argv "C:\\Program Files\\nodejs\\node.exe" "C:\\Users\\Susan\\AppData\\Roaming\\npm\\node_modules\\npm\\bin\\npm-cli.js" "run" "start"
19 error node v10.15.3
20 error npm  v3.10.10
21 error code ELIFECYCLE
22 error mern@0.1.0 start: `react-scripts start`
22 error Exit status 3221225786
23 error Failed at the mern@0.1.0 start script 'react-scripts start'.
23 error Make sure you have the latest version of node.js and npm installed.
23 error If you do, this is most likely a problem with the mern package,
23 error not with npm itself.
23 error Tell the author that this fails on your system:
23 error     react-scripts start
23 error You can get information on how to open an issue for this project with:
23 error     npm bugs mern
23 error Or if that isn't available, you can get their info via:
23 error     npm owner ls mern
23 error There is likely additional logging output above.
24 verbose exit [ 1, true ]
